=== Self-Modifying Code (SMC) Benchmark ===
Running 100000 iterations...
Architecture detected: x86_64
Progress: 20000/100000 (Returned value matches: YES)
Progress: 40000/100000 (Returned value matches: YES)
Progress: 60000/100000 (Returned value matches: YES)
Progress: 80000/100000 (Returned value matches: NO)

Results:
Time elapsed    : 0.012779 seconds
Throughput      : 7.825 Million modifications/sec (MOps)
Latency per loop: 127.79 ns

 Performance counter stats for process id '26247':

       118,340,614      cycles:u                                                              
       135,499,945      instructions:u                                                        
           706,408      cache-misses:u                                                        
           906,276      L1-dcache-load-misses:u                                               
         1,372,432      L1-icache-load-misses:u                                               
            31,212      iTLB-load-misses:u                                                    
            22,500      dTLB-load-misses:u                                                    

       0.125597212 seconds time elapsed

