=== Self-Modifying Code (SMC) Benchmark ===
Running 100000 iterations...
Architecture detected: ARM64 (aarch64)
Progress: 20000/100000 (Returned value matches: YES)
Progress: 40000/100000 (Returned value matches: YES)
Progress: 60000/100000 (Returned value matches: YES)
Progress: 80000/100000 (Returned value matches: YES)

Results:
Time elapsed    : 1.369477 seconds
Throughput      : 0.073 Million modifications/sec (MOps)
Latency per loop: 13694.77 ns

 Performance counter stats for process id '26048':

     9,116,938,764      cycles:u                                                              
    18,721,688,816      instructions:u                                                        
        28,811,353      cache-misses:u                                                        
       875,345,892      L1-dcache-load-misses:u                                               
       237,534,069      L1-icache-load-misses:u                                               
           900,037      iTLB-load-misses:u                                                    
            22,760      dTLB-load-misses:u                                                    

       2.234097071 seconds time elapsed

