#           time             counts unit events
     0.500588200            695,794      cache-misses                                                          
     0.500588200         13,638,517      cycles                                                                
     0.500588200          5,271,197      instructions                                                          
     1.001341469            865,417      cache-misses                                                          
     1.001341469         14,803,175      cycles                                                                
     1.001341469          5,628,048      instructions                                                          
     1.502069147            996,990      cache-misses                                                          
     1.502069147         13,750,760      cycles                                                                
     1.502069147          5,116,540      instructions                                                          
     2.002913542          1,015,466      cache-misses                                                          
     2.002913542         13,675,100      cycles                                                                
     2.002913542          5,146,602      instructions                                                          
     2.503626348            976,529      cache-misses                                                          
     2.503626348         14,988,876      cycles                                                                
     2.503626348          5,642,032      instructions                                                          
     3.004515564            999,335      cache-misses                                                          
     3.004515564         15,639,088      cycles                                                                
     3.004515564          5,501,035      instructions                                                          
     3.504924395            561,405      cache-misses                                                          
     3.504924395         13,885,824      cycles                                                                
     3.504924395          5,373,119      instructions                                                          
     4.005743368            659,064      cache-misses                                                          
     4.005743368         12,764,955      cycles                                                                
     4.005743368          5,195,065      instructions                                                          
     4.506482194            508,228      cache-misses                                                          
     4.506482194         13,311,626      cycles                                                                
     4.506482194          5,512,846      instructions                                                          
     5.006909136            344,308      cache-misses                                                          
     5.006909136         13,063,390      cycles                                                                
     5.006909136          5,477,965      instructions                                                          
     5.507625961            449,809      cache-misses                                                          
     5.507625961         15,705,881      cycles                                                                
     5.507625961          6,478,246      instructions                                                          
     6.007912435            449,504      cache-misses                                                          
     6.007912435         12,874,101      cycles                                                                
     6.007912435          5,388,035      instructions                                                          
     6.508750242            976,965      cache-misses                                                          
     6.508750242         13,484,982      cycles                                                                
     6.508750242          5,125,091      instructions                                                          
     7.009602878            942,736      cache-misses                                                          
     7.009602878         13,151,456      cycles                                                                
     7.009602878          5,076,675      instructions                                                          
     7.510414160          1,057,100      cache-misses                                                          
     7.510414160         15,018,836      cycles                                                                
     7.510414160          5,583,759      instructions                                                          
     8.011151766            825,574      cache-misses                                                          
     8.011151766         13,748,535      cycles                                                                
     8.011151766          5,037,224      instructions                                                          
     8.511858162          1,066,177      cache-misses                                                          
     8.511858162         15,607,717      cycles                                                                
     8.511858162          5,841,018      instructions                                                          
     9.012706977          1,002,224      cache-misses                                                          
     9.012706977         13,702,413      cycles                                                                
     9.012706977          5,177,739      instructions                                                          
     9.513472153          1,055,983      cache-misses                                                          
     9.513472153         14,887,284      cycles                                                                
     9.513472153          5,543,962      instructions                                                          
    10.014277656            945,373      cache-misses                                                          
    10.014277656         13,865,435      cycles                                                                
    10.014277656          5,196,600      instructions                                                          
    10.515086700            986,588      cache-misses                                                          
    10.515086700         14,138,393      cycles                                                                
    10.515086700          5,359,391      instructions                                                          
    11.015789118            992,554      cache-misses                                                          
    11.015789118         14,349,624      cycles                                                                
    11.015789118          5,194,509      instructions                                                          
    11.516637949          1,066,779      cache-misses                                                          
    11.516637949         16,590,550      cycles                                                                
    11.516637949          6,168,343      instructions                                                          
    12.002795950            985,100      cache-misses                                                          
    12.002795950         13,616,533      cycles                                                                
    12.002795950          5,050,075      instructions                                                          
