#           time             counts unit events
     0.500591622             83,172      cache-misses                                                          
     0.500591622          1,919,803      cycles                                                                
     0.500591622          1,117,102      instructions                                                          
     1.001424447            193,081      cache-misses                                                          
     1.001424447          4,422,129      cycles                                                                
     1.001424447          2,865,434      instructions                                                          
     1.502220141            276,464      cache-misses                                                          
     1.502220141          5,185,502      cycles                                                                
     1.502220141          3,366,405      instructions                                                          
     2.003022475             78,034      cache-misses                                                          
     2.003022475          2,219,395      cycles                                                                
     2.003022475          1,475,133      instructions                                                          
     2.503822900            483,982      cache-misses                                                          
     2.503822900         22,256,839      cycles                                                                
     2.503822900         29,344,715      instructions                                                          
     3.004529810             62,274      cache-misses                                                          
     3.004529810          1,681,571      cycles                                                                
     3.004529810          1,108,033      instructions                                                          
     3.505264409            183,052      cache-misses                                                          
     3.505264409          3,596,483      cycles                                                                
     3.505264409          2,160,934      instructions                                                          
     4.005978478            130,911      cache-misses                                                          
     4.005978478          2,624,877      cycles                                                                
     4.005978478          1,857,425      instructions                                                          
     4.506743669            187,097      cache-misses                                                          
     4.506743669          3,700,311      cycles                                                                
     4.506743669          2,291,676      instructions                                                          
     5.007522359            137,529      cache-misses                                                          
     5.007522359          4,083,214      cycles                                                                
     5.007522359          2,098,199      instructions                                                          
     5.508274938            502,392      cache-misses                                                          
     5.508274938         22,205,531      cycles                                                                
     5.508274938         27,599,794      instructions                                                          
     6.009073283             71,067      cache-misses                                                          
     6.009073283          2,400,288      cycles                                                                
     6.009073283          1,988,988      instructions                                                          
     6.509676862             97,768      cache-misses                                                          
     6.509676862          1,961,978      cycles                                                                
     6.509676862          1,190,236      instructions                                                          
     7.010495423             67,634      cache-misses                                                          
     7.010495423          1,699,980      cycles                                                                
     7.010495423          1,108,778      instructions                                                          
     7.511357732            377,799      cache-misses                                                          
     7.511357732          7,503,760      cycles                                                                
     7.511357732          4,666,855      instructions                                                          
     8.012099555            163,862      cache-misses                                                          
     8.012099555          3,701,497      cycles                                                                
     8.012099555          2,384,578      instructions                                                          
     8.512745937            396,896      cache-misses                                                          
     8.512745937         19,974,065      cycles                                                                
     8.512745937         26,308,218      instructions                                                          
     9.013442488             79,191      cache-misses                                                          
     9.013442488          1,489,480      cycles                                                                
     9.013442488            964,178      instructions                                                          
     9.514144856            248,091      cache-misses                                                          
     9.514144856          6,188,418      cycles                                                                
     9.514144856          4,804,979      instructions                                                          
    10.014885278             87,242      cache-misses                                                          
    10.014885278          1,632,136      cycles                                                                
    10.014885278            929,018      instructions                                                          
    10.515743205            280,945      cache-misses                                                          
    10.515743205          6,068,582      cycles                                                                
    10.515743205          3,972,902      instructions                                                          
    11.016459566             93,583      cache-misses                                                          
    11.016459566          2,116,888      cycles                                                                
    11.016459566          1,381,824      instructions                                                          
    11.517203127            456,539      cache-misses                                                          
    11.517203127         20,890,231      cycles                                                                
    11.517203127         26,251,440      instructions                                                          
    12.002877562             93,259      cache-misses                                                          
    12.002877562          2,432,378      cycles                                                                
    12.002877562          1,539,799      instructions                                                          
